<?xml version="1.0" encoding="UTF-8"?>
<testsuite xmlns:xsi="http://www.w3.org/2001/XMLSchema-instance" xsi:noNamespaceSchemaLocation="https://maven.apache.org/surefire/maven-surefire-plugin/xsd/surefire-test-report.xsd" version="3.0.2" name="com.utown.utown_backend.UtownBackendApplicationTests" time="2.555" tests="1" errors="0" skipped="0" failures="0">
  <properties>
[...]
</properties>
  <testcase name="contextLoads" classname="com.utown.utown_backend.UtownBackendApplicationTests" time="0.268">
    <system-out><![CDATA[02:36:27.663 [main] INFO org.springframework.test.context.support.AnnotationConfigContextLoaderUtils -- Could not detect default configuration classes for test class [com.utown.utown_backend.UtownBackendApplicationTests]: UtownBackendApplicationTests does not declare any static, non-private, non-final, nested classes annotated with @Configuration.
02:36:27.716 [main] INFO org.springframework.boot.test.context.SpringBootTestContextBootstrapper -- Found @SpringBootConfiguration com.utown.utown_backend.UtownBackendApplication for test class com.utown.utown_backend.UtownBackendApplicationTests

  .   ____          _            __ _ _
 /\\ / ___'_ __ _ _(_)_ __  __ _ \ \ \ \
( ( )\___ | '_ | '_| | '_ \/ _` | \ \ \ \
 \\/  ___)| |_)| | | | | || (_| |  ) ) ) )
  '  |____| .__|_| |_|_| |_\__, | / / / /
 =========|_|==============|___/=/_/_/_/

 :: Spring Boot ::               (v3.5.10)

2026-02-27T02:36:27.879+09:00  INFO 33150 --- [           main] c.u.u.UtownBackendApplicationTests       : Starting UtownBackendApplicationTests using Java 17.0.18 with PID 33150 (started by htayhtaymon in /Users/htayhtaymon/IdeaProjects/utown_backend_feb10)
2026-02-27T02:36:27.880+09:00  INFO 33150 --- [           main] c.u.u.UtownBackendApplicationTests       : No active profile set, falling back to 1 default profile: "default"
2026-02-27T02:36:28.169+09:00  INFO 33150 --- [           main] .s.d.r.c.RepositoryConfigurationDelegate : Bootstrapping Spring Data JPA repositories in DEFAULT mode.
2026-02-27T02:36:28.208+09:00  INFO 33150 --- [           main] .s.d.r.c.RepositoryConfigurationDelegate : Finished Spring Data repository scanning in 34 ms. Found 16 JPA repository interfaces.
2026-02-27T02:36:28.439+09:00  INFO 33150 --- [           main] o.hibernate.jpa.internal.util.LogHelper  : HHH000204: Processing PersistenceUnitInfo [name: default]
2026-02-27T02:36:28.467+09:00  INFO 33150 --- [           main] org.hibernate.Version                    : HHH000412: Hibernate ORM core version 6.6.41.Final
2026-02-27T02:36:28.481+09:00  INFO 33150 --- [           main] o.h.c.internal.RegionFactoryInitiator    : HHH000026: Second-level cache disabled
2026-02-27T02:36:28.607+09:00  INFO 33150 --- [           main] o.s.o.j.p.SpringPersistenceUnitInfo      : No LoadTimeWeaver setup: ignoring JPA class transformer
2026-02-27T02:36:28.620+09:00  INFO 33150 --- [           main] com.zaxxer.hikari.HikariDataSource       : HikariPool-1 - Starting...
2026-02-27T02:36:28.839+09:00  INFO 33150 --- [           main] com.zaxxer.hikari.pool.HikariPool        : HikariPool-1 - Added connection com.mysql.cj.jdbc.ConnectionImpl@3a80c534
2026-02-27T02:36:28.839+09:00  INFO 33150 --- [           main] com.zaxxer.hikari.HikariDataSource       : HikariPool-1 - Start completed.
2026-02-27T02:36:28.873+09:00  WARN 33150 --- [           main] org.hibernate.orm.deprecation            : HHH90000025: MySQL8Dialect does not need to be specified explicitly using 'hibernate.dialect' (remove the property setting and it will be selected by default)
2026-02-27T02:36:28.873+09:00  WARN 33150 --- [           main] org.hibernate.orm.deprecation            : HHH90000026: MySQL8Dialect has been deprecated; use org.hibernate.dialect.MySQLDialect instead
2026-02-27T02:36:28.882+09:00  INFO 33150 --- [           main] org.hibernate.orm.connections.pooling    : HHH10001005: Database info:
	Database JDBC URL [Connecting through datasource 'HikariDataSource (HikariPool-1)']
	Database driver: undefined/unknown
	Database version: 8.0
	Autocommit mode: undefined/unknown
	Isolation level: undefined/unknown
	Minimum pool size: undefined/unknown
	Maximum pool size: undefined/unknown
2026-02-27T02:36:29.368+09:00  INFO 33150 --- [           main] o.h.e.t.j.p.i.JtaPlatformInitiator       : HHH000489: No JTA platform available (set 'hibernate.transaction.jta.platform' to enable JTA platform integration)
2026-02-27T02:36:29.503+09:00  INFO 33150 --- [           main] j.LocalContainerEntityManagerFactoryBean : Initialized JPA EntityManagerFactory for persistence unit 'default'
2026-02-27T02:36:29.736+09:00  WARN 33150 --- [           main] JpaBaseConfiguration$JpaWebConfiguration : spring.jpa.open-in-view is enabled by default. Therefore, database queries may be performed during view rendering. Explicitly configure spring.jpa.open-in-view to disable this warning
2026-02-27T02:36:29.887+09:00  INFO 33150 --- [           main] c.u.u.UtownBackendApplicationTests       : Started UtownBackendApplicationTests in 2.114 seconds (process running for 2.497)
]]></system-out>
  </testcase>
</testsuite>